<?xml version="1.0" encoding="UTF-8"?>
<testng-results ignored="0" total="1" passed="1" failed="0" skipped="0">
  <reporter-output>
  </reporter-output>
  <suite started-at="2025-05-21T12:24:58 CEST" name="Surefire suite" finished-at="2025-05-21T12:25:25 CEST" duration-ms="26714">
    <groups>
    </groups>
    <test started-at="2025-05-21T12:24:58 CEST" name="Surefire test" finished-at="2025-05-21T12:25:25 CEST" duration-ms="26714">
      <class name="org.example.EditReminderTest">
        <test-method signature="editReminderWithDateTimeTest()" started-at="2025-05-21T12:24:58 CEST" name="editReminderWithDateTimeTest" finished-at="2025-05-21T12:25:25 CEST" duration-ms="26662" status="PASS">
          <reporter-output>
          </reporter-output>
        </test-method> <!-- editReminderWithDateTimeTest -->
      </class> <!-- org.example.EditReminderTest -->
    </test> <!-- Surefire test -->
  </suite> <!-- Surefire suite -->
</testng-results>
