<?xml version="1.0" encoding="UTF-8"?>
<!-- Generated by org.testng.reporters.JUnitXMLReporter -->
<testsuite ignored="0" hostname="DESKTOP-9ADJVI8" failures="1" tests="2" name="Surefire test" time="8.114" errors="0" timestamp="2025-05-20T12:26:45 CEST">
  <testcase classname="org.example.AppTest" name="openAppTest on openAppTest(org.example.AppTest)" time="8.011"/>
  <testcase classname="org.example.TestTEST" name="addReminderTest on addReminderTest(org.example.TestTEST)" time="0.043">
    <failure type="org.openqa.selenium.SessionNotCreatedException" message="Could not start a new session. Response code 404. Message: The requested resource could not be found, or a request was received using an HTTP method that is not supported by the mapped resource 
Host info: host: &amp;apos;DESKTOP-9ADJVI8&amp;apos;, ip: &amp;apos;192.168.0.230&amp;apos;
Build info: version: &amp;apos;4.11.0&amp;apos;, revision: &amp;apos;040bc5406b&amp;apos;
System info: os.name: &amp;apos;Windows 10&amp;apos;, os.arch: &amp;apos;amd64&amp;apos;, os.version: &amp;apos;10.0&amp;apos;, java.version: &amp;apos;24.0.1&amp;apos;
Driver info: io.appium.java_client.android.AndroidDriver
Command: [null, newSession {capabilities=[{appium:appActivity=com.sam.reminders.todos.activities.SplashScreenActivity, appium:deviceName=Galaxy A50s, platformName=ANDROID, appium:automationName=UiAutomator2, appium:platformVersion=10, appium:appPackage=com.sam.reminders.todos}], desiredCapabilities=Capabilities {appium:appActivity: com.sam.reminders.todos.act..., appium:appPackage: com.sam.reminders.todos, appium:automationName: UiAutomator2, appium:deviceName: Galaxy A50s, appium:platformVersion: 10, platformName: ANDROID}}]
Capabilities {appium:appActivity: com.sam.reminders.todos.act..., appium:appPackage: com.sam.reminders.todos, appium:automationName: UiAutomator2, appium:deviceName: Galaxy A50s, appium:platformVersion: 10, platformName: ANDROID}">
      <![CDATA[org.openqa.selenium.SessionNotCreatedException: Could not start a new session. Response code 404. Message: The requested resource could not be found, or a request was received using an HTTP method that is not supported by the mapped resource 
Host info: host: 'DESKTOP-9ADJVI8', ip: '192.168.0.230'
Build info: version: '4.11.0', revision: '040bc5406b'
System info: os.name: 'Windows 10', os.arch: 'amd64', os.version: '10.0', java.version: '24.0.1'
Driver info: io.appium.java_client.android.AndroidDriver
Command: [null, newSession {capabilities=[{appium:appActivity=com.sam.reminders.todos.activities.SplashScreenActivity, appium:deviceName=Galaxy A50s, platformName=ANDROID, appium:automationName=UiAutomator2, appium:platformVersion=10, appium:appPackage=com.sam.reminders.todos}], desiredCapabilities=Capabilities {appium:appActivity: com.sam.reminders.todos.act..., appium:appPackage: com.sam.reminders.todos, appium:automationName: UiAutomator2, appium:deviceName: Galaxy A50s, appium:platformVersion: 10, platformName: ANDROID}}]
Capabilities {appium:appActivity: com.sam.reminders.todos.act..., appium:appPackage: com.sam.reminders.todos, appium:automationName: UiAutomator2, appium:deviceName: Galaxy A50s, appium:platformVersion: 10, platformName: ANDROID}
at org.openqa.selenium.remote.ProtocolHandshake.createSession(ProtocolHandshake.java:140)
at io.appium.java_client.remote.AppiumProtocolHandshake.createSession(AppiumProtocolHandshake.java:133)
at io.appium.java_client.remote.AppiumProtocolHandshake.createSession(AppiumProtocolHandshake.java:102)
at io.appium.java_client.remote.AppiumCommandExecutor.createSession(AppiumCommandExecutor.java:182)
at io.appium.java_client.remote.AppiumCommandExecutor.execute(AppiumCommandExecutor.java:250)
at org.openqa.selenium.remote.RemoteWebDriver.execute(RemoteWebDriver.java:518)
at io.appium.java_client.AppiumDriver.startSession(AppiumDriver.java:274)
at org.openqa.selenium.remote.RemoteWebDriver.<init>(RemoteWebDriver.java:159)
at io.appium.java_client.AppiumDriver.<init>(AppiumDriver.java:89)
at io.appium.java_client.AppiumDriver.<init>(AppiumDriver.java:101)
at io.appium.java_client.android.AndroidDriver.<init>(AndroidDriver.java:113)
at org.example.SetupTest.initializeDriver(SetupTest.java:23)
at org.example.TestTEST.setup(TestTEST.java:23)
at org.junit.runners.model.FrameworkMethod$1.runReflectiveCall(FrameworkMethod.java:59)
at org.junit.internal.runners.model.ReflectiveCallable.run(ReflectiveCallable.java:12)
at org.junit.runners.model.FrameworkMethod.invokeExplosively(FrameworkMethod.java:56)
at org.junit.internal.runners.statements.RunBefores.invokeMethod(RunBefores.java:33)
at org.junit.internal.runners.statements.RunBefores.evaluate(RunBefores.java:24)
at org.junit.internal.runners.statements.RunAfters.evaluate(RunAfters.java:27)
at org.junit.runners.ParentRunner$3.evaluate(ParentRunner.java:306)
at org.junit.runners.BlockJUnit4ClassRunner$1.evaluate(BlockJUnit4ClassRunner.java:100)
at org.junit.runners.ParentRunner.runLeaf(ParentRunner.java:366)
at org.junit.runners.BlockJUnit4ClassRunner.runChild(BlockJUnit4ClassRunner.java:103)
at org.junit.runners.BlockJUnit4ClassRunner.runChild(BlockJUnit4ClassRunner.java:63)
at org.junit.runners.ParentRunner$4.run(ParentRunner.java:331)
at org.junit.runners.ParentRunner$1.schedule(ParentRunner.java:79)
at org.junit.runners.ParentRunner.runChildren(ParentRunner.java:329)
at org.junit.runners.ParentRunner.access$100(ParentRunner.java:66)
at org.junit.runners.ParentRunner$2.evaluate(ParentRunner.java:293)
at org.junit.runners.ParentRunner$3.evaluate(ParentRunner.java:306)
at org.junit.runners.ParentRunner.run(ParentRunner.java:413)
at org.junit.runner.JUnitCore.run(JUnitCore.java:137)
at org.junit.runner.JUnitCore.run(JUnitCore.java:115)
at java.base/java.util.ArrayList.forEach(ArrayList.java:1604)
... Removed 28 stack frames]]>
    </failure>
  </testcase> <!-- addReminderTest on addReminderTest(org.example.TestTEST) -->
</testsuite> <!-- Surefire test -->
